<?xml version="1.0" encoding="UTF-8"?>
<!-- Generated by org.testng.reporters.JUnitReportReporter -->
<testsuite hostname="Imams-MBP.T-mobile.com" failures="0" tests="1" name="test.day2" time="0.013" errors="0" timestamp="2020-04-05T13:41:44 EDT" skipped="0">
  <testcase classname="test.day2" name="Ploan" time="0.013"/>
</testsuite> <!-- test.day2 -->
