<?xml version="1.0" encoding="UTF-8"?>
<!-- Generated by org.testng.reporters.JUnitReportReporter -->
<testsuite hostname="Imams-MBP.T-mobile.com" failures="0" tests="1" name="datadriven.WebDriverTest" time="4.309" errors="0" timestamp="2020-04-11T22:33:28 EDT" skipped="0">
  <testcase classname="datadriven.WebDriverTest" name="Login" time="4.309"/>
</testsuite> <!-- datadriven.WebDriverTest -->
