<?xml version="1.0" encoding="UTF-8"?>
<!-- Generated by org.testng.reporters.JUnitReportReporter -->
<testsuite hostname="Imams-MBP.T-mobile.com" failures="0" tests="1" name="datadriven.TestBaseLogin" time="2.363" errors="0" timestamp="2020-04-11T23:02:23 EDT" skipped="0">
  <testcase classname="datadriven.TestBaseLogin" name="BaseLogin" time="2.363"/>
</testsuite> <!-- datadriven.TestBaseLogin -->
